<?xml version="1.0" encoding="UTF-8"?>
<!-- Generated by org.testng.reporters.JUnitXMLReporter -->
<testsuite hostname="J68T5Z1" name="JourneyPanelTest" tests="2" failures="0" timestamp="9 Jan 2017 07:05:14 GMT" time="333.229" errors="0">
  <testcase name="launchBrowserAndLoginToTelematics" time="22.498" classname="com.telematics.tests.JourneyPanelTest"/>
  <testcase name="verifyJourneyPlaybackFunctionality" time="305.727" classname="com.telematics.tests.JourneyPanelTest"/>
</testsuite> <!-- JourneyPanelTest -->
