<?xml version="1.0" encoding="UTF-8"?>
<!-- Generated by org.testng.reporters.JUnitXMLReporter -->
<testsuite hostname="J68T5Z1" name="AccountRemindersVerificationTest" tests="7" failures="0" timestamp="16 Dec 2016 11:18:35 GMT" time="109.85" errors="0">
  <testcase name="launchBrowserAndLoginToTelematics" time="25.409" classname="com.telematics.tests.AccountRemindersVerificationTest"/>
  <testcase name="verifyListOfAccountRemindersOnPanel" time="8.08" classname="com.telematics.tests.AccountRemindersVerificationTest"/>
  <testcase name="verifyEditAndDeleteFunctionalityForAccountReminders" time="32.279" classname="com.telematics.tests.AccountRemindersVerificationTest"/>
  <testcase name="verifyFilterFunctionalityForAccountReminders" time="5.755" classname="com.telematics.tests.AccountRemindersVerificationTest"/>
  <testcase name="verifyFilterFunctionalityForAccountReminders" time="5.463" classname="com.telematics.tests.AccountRemindersVerificationTest"/>
  <testcase name="verifyFilterFunctionalityForAccountReminders" time="5.604" classname="com.telematics.tests.AccountRemindersVerificationTest"/>
  <testcase name="verifyFilterFunctionalityForAccountReminders" time="20.725" classname="com.telematics.tests.AccountRemindersVerificationTest"/>
</testsuite> <!-- AccountRemindersVerificationTest -->
